<?xml version="1.0" encoding="utf-8"?><testsuites name="pytest tests"><testsuite name="pytest" errors="0" failures="22" skipped="191" tests="1004" time="151.555" timestamp="2026-03-27T23:41:23.751623-04:00" hostname="Not-Your-ThinkPad"><testcase classname="verifier.tests.test_e_system.TestAllPropositionsValid" name="test_proposition_valid[Prop.I.10]" file="verifier\tests\test_e_system.py" line="1038" time="0.004"><system-out>--------------------------------- Captured Log ---------------------------------

--------------------------------- Captured Out ---------------------------------

</system-out><system-err>--------------------------------- Captured Err ---------------------------------

</system-err></testcase><testcase classname="verifier.tests.test_answer_key_validation.TestAnswerKeyConsistency" name="test_e_library_match[I.9]" file="verifier\tests\test_answer_key_validation.py" line="269" time="0.000"><skipped type="pytest.skip" message="answer-key-book-I.txt is out of sync with the E library; regenerate with scripts/generate_answer_key.py to re-enable">C:\Users\Connor Gorman\source\repos\congman5\Euclid\verifier\tests\test_answer_key_validation.py:270: answer-key-book-I.txt is out of sync with the E library; regenerate with scripts/generate_answer_key.py to re-enable</skipped><system-out>--------------------------------- Captured Log ---------------------------------

--------------------------------- Captured Out ---------------------------------

</system-out><system-err>--------------------------------- Captured Err ---------------------------------

</system-err><system-out>--------------------------------- Captured Log ---------------------------------

--------------------------------- Captured Out ---------------------------------

</system-out><system-err>--------------------------------- Captured Err ---------------------------------

</system-err></testcase><testcase classname="verifier.tests.test_soundness.TestAnswerKeyRegression" name="test_theorem_available_in_library_before_self[19]" file="verifier\tests\test_soundness.py" line="1194" time="0.001"><system-out>--------------------------------- Captured Log ---------------------------------

--------------------------------- Captured Out ---------------------------------

</system-out><system-err>--------------------------------- Captured Err ---------------------------------

</system-err></testcase><testcase classname="verifier.tests.test_e_system.TestConstructionRules" name="test_rule_by_name" file="verifier\tests\test_e_system.py" line="302" time="0.001"><system-out>--------------------------------- Captured Log ---------------------------------

--------------------------------- Captured Out ---------------------------------

</system-out><system-err>--------------------------------- Captured Err ---------------------------------

</system-err></testcase><testcase classname="verifier.tests.test_e_system.TestDiagrammaticAxioms" name="test_generality_axiom_count" file="verifier\tests\test_e_system.py" line="358" time="0.001"><system-out>--------------------------------- Captured Log ---------------------------------

--------------------------------- Captured Out ---------------------------------

</system-out><system-err>--------------------------------- Captured Err ---------------------------------

</system-err></testcase><testcase classname="verifier.tests.test_e_system.TestConsequenceEngine" name="test_pasch_between_on_line" file="verifier\tests\test_e_system.py" line="515" time="0.003"><system-out>--------------------------------- Captured Log ---------------------------------

--------------------------------- Captured Out ---------------------------------

</system-out><system-err>--------------------------------- Captured Err ---------------------------------

</system-err></testcase><testcase classname="verifier.tests.test_soundness.TestAnswerKeyRegression" name="test_theorem_sequent_well_formed[38]" file="verifier\tests\test_soundness.py" line="1179" time="0.001"><system-out>--------------------------------- Captured Log ---------------------------------

--------------------------------- Captured Out ---------------------------------

</system-out><system-err>--------------------------------- Captured Err ---------------------------------

</system-err></testcase><testcase classname="euclid_py.tests.test_smoke.TestConstraints" name="test_not_collinear" file="euclid_py\tests\test_smoke.py" line="38" time="0.004"><system-out>--------------------------------- Captured Log ---------------------------------

--------------------------------- Captured Out ---------------------------------

</system-out><system-err>--------------------------------- Captured Err ---------------------------------

</system-err></testcase><testcase classname="verifier.tests.test_library_i33_i48.TestELibraryI33I48" name="test_prop_i41_double_area" file="verifier\tests\test_library_i33_i48.py" line="109" time="0.002"><system-out>--------------------------------- Captured Log ---------------------------------

--------------------------------- Captured Out ---------------------------------

</system-out><system-err>--------------------------------- Captured Err ---------------------------------

</system-err></testcase><testcase classname="verifier.tests.test_e_system.TestAllPropositionsValid" name="test_proposition_valid[Prop.I.13]" file="verifier\tests\test_e_system.py" line="1038" time="0.001"><system-out>--------------------------------- Captured Log ---------------------------------

--------------------------------- Captured Out ---------------------------------

</system-out><system-err>--------------------------------- Captured Err ---------------------------------

</system-err></testcase><testcase classname="verifier.tests.test_answer_key_validation.TestAnswerKeyConsistency" name="test_json_match[I.32]" file="verifier\tests\test_answer_key_validation.py" line="290" time="0.000"><skipped type="pytest.skip" message="answer-key-book-I.txt is out of sync with the E library; regenerate with scripts/generate_answer_key.py to re-enable">C:\Users\Connor Gorman\source\repos\congman5\Euclid\verifier\tests\test_answer_key_validation.py:291: answer-key-book-I.txt is out of sync with the E library; regenerate with scripts/generate_answer_key.py to re-enable</skipped><system-out>--------------------------------- Captured Log ---------------------------------

--------------------------------- Captured Out ---------------------------------

</system-out><system-err>--------------------------------- Captured Err ---------------------------------

</system-err><system-out>--------------------------------- Captured Log ---------------------------------

--------------------------------- Captured Out ---------------------------------

</system-out><system-err>--------------------------------- Captured Err ---------------------------------

</system-err></testcase><testcase classname="verifier.tests.test_e_system.TestConsequenceEngine" name="test_same_side_not_on_line" file="verifier\tests\test_e_system.py" line="494" time="0.001"><system-out>--------------------------------- Captured Log ---------------------------------

--------------------------------- Captured Out ---------------------------------

</system-out><system-err>--------------------------------- Captured Err ---------------------------------

</system-err></testcase><testcase classname="verifier.tests.test_answer_key_validation.TestAnswerKeyConsistency" name="test_json_match[I.15]" file="verifier\tests\test_answer_key_validation.py" line="290" time="0.000"><skipped type="pytest.skip" message="answer-key-book-I.txt is out of sync with the E library; regenerate with scripts/generate_answer_key.py to re-enable">C:\Users\Connor Gorman\source\repos\congman5\Euclid\verifier\tests\test_answer_key_validation.py:291: answer-key-book-I.txt is out of sync with the E library; regenerate with scripts/generate_answer_key.py to re-enable</skipped><system-out>--------------------------------- Captured Log ---------------------------------

--------------------------------- Captured Out ---------------------------------

</system-out><system-err>--------------------------------- Captured Err ---------------------------------

</system-err><system-out>--------------------------------- Captured Log ---------------------------------

--------------------------------- Captured Out ---------------------------------

</system-out><system-err>--------------------------------- Captured Err ---------------------------------

</system-err></testcase><testcase classname="verifier.tests.test_soundness.TestAnswerKeyRegression" name="test_named_proof_does_not_crash[16]" file="verifier\tests\test_soundness.py" line="1168" time="0.001"><system-out>--------------------------------- Captured Log ---------------------------------

--------------------------------- Captured Out ---------------------------------

</system-out><system-err>--------------------------------- Captured Err ---------------------------------

</system-err></testcase><testcase classname="verifier.tests.test_answer_key_validation.TestAnswerKeyJsonVerification" name="test_json_proof[I.23]" file="verifier\tests\test_answer_key_validation.py" line="222" time="0.004"><skipped type="pytest.xfail" message="Prop.I.23 proof not yet fully verified" /><system-out>--------------------------------- Captured Log ---------------------------------

--------------------------------- Captured Out ---------------------------------

</system-out><system-err>--------------------------------- Captured Err ---------------------------------

</system-err></testcase><testcase classname="verifier.tests.test_library_i27_i32.TestELibraryI27I32" name="test_prop_i28_sequent" file="verifier\tests\test_library_i27_i32.py" line="56" time="0.001"><system-out>--------------------------------- Captured Log ---------------------------------

--------------------------------- Captured Out ---------------------------------

</system-out><system-err>--------------------------------- Captured Err ---------------------------------

</system-err></testcase><testcase classname="verifier.tests.test_answer_key_validation.TestAnswerKeyConsistency" name="test_json_match[I.7]" file="verifier\tests\test_answer_key_validation.py" line="290" time="0.001"><skipped type="pytest.skip" message="answer-key-book-I.txt is out of sync with the E library; regenerate with scripts/generate_answer_key.py to re-enable">C:\Users\Connor Gorman\source\repos\congman5\Euclid\verifier\tests\test_answer_key_validation.py:291: answer-key-book-I.txt is out of sync with the E library; regenerate with scripts/generate_answer_key.py to re-enable</skipped><system-out>--------------------------------- Captured Log ---------------------------------

--------------------------------- Captured Out ---------------------------------

</system-out><system-err>--------------------------------- Captured Err ---------------------------------

</system-err><system-out>--------------------------------- Captured Log ---------------------------------

--------------------------------- Captured Out ---------------------------------

</system-out><system-err>--------------------------------- Captured Err ---------------------------------

</system-err></testcase><testcase classname="euclid_py.tests.test_proposition_links.TestSpecificLinks" name="test_i4_sas" file="euclid_py\tests\test_proposition_links.py" line="129" time="0.002"><system-out>--------------------------------- Captured Log ---------------------------------

--------------------------------- Captured Out ---------------------------------

</system-out><system-err>--------------------------------- Captured Err ---------------------------------

</system-err></testcase><testcase classname="verifier.tests.test_library_i16_i26.TestEProofsI16I26" name="test_prop_i20_proof_structure" file="verifier\tests\test_library_i16_i26.py" line="197" time="0.002"><system-out>--------------------------------- Captured Log ---------------------------------

--------------------------------- Captured Out ---------------------------------

</system-out><system-err>--------------------------------- Captured Err ---------------------------------

</system-err></testcase><testcase classname="verifier.tests.test_e_system.TestAtoms" name="test_between_repr" file="verifier\tests\test_e_system.py" line="68" time="0.001"><system-out>--------------------------------- Captured Log ---------------------------------

--------------------------------- Captured Out ---------------------------------

</system-out><system-err>--------------------------------- Captured Err ---------------------------------

</system-err></testcase><testcase classname="euclid_py.tests.test_autofill.TestAutofillConstructionHeadless" name="test_pick_fresh_name_line" file="euclid_py\tests\test_autofill.py" line="180" time="0.021"><system-out>--------------------------------- Captured Log ---------------------------------

--------------------------------- Captured Out ---------------------------------

</system-out><system-err>--------------------------------- Captured Err ---------------------------------

</system-err></testcase><testcase classname="verifier.tests.test_performance_benchmarks.TestSmtEncodingTiming" name="test_axiom_encoding_tptp_under_50ms" file="verifier\tests\test_performance_benchmarks.py" line="187" time="0.005"><system-out>--------------------------------- Captured Log ---------------------------------

--------------------------------- Captured Out ---------------------------------

</system-out><system-err>--------------------------------- Captured Err ---------------------------------

</system-err></testcase><testcase classname="verifier.tests.test_answer_key_validation.TestAnswerKeyTxtVerification" name="test_verified_proof[I.5]" file="verifier\tests\test_answer_key_validation.py" line="180" time="0.000"><skipped type="pytest.skip" message="answer-key-book-I.txt is out of sync with the E library; regenerate with scripts/generate_answer_key.py to re-enable">C:\Users\Connor Gorman\source\repos\congman5\Euclid\verifier\tests\test_answer_key_validation.py:181: answer-key-book-I.txt is out of sync with the E library; regenerate with scripts/generate_answer_key.py to re-enable</skipped><system-out>--------------------------------- Captured Log ---------------------------------

--------------------------------- Captured Out ---------------------------------

</system-out><system-err>--------------------------------- Captured Err ---------------------------------

</system-err><system-out>--------------------------------- Captured Log ---------------------------------

--------------------------------- Captured Out ---------------------------------

</system-out><system-err>--------------------------------- Captured Err ---------------------------------

</system-err></testcase><testcase classname="euclid_py.tests.test_autofill.TestAutofillEdgeCases" name="test_diagrammatic_justification_no_autofill" file="euclid_py\tests\test_autofill.py" line="611" time="0.069"><system-out>--------------------------------- Captured Log ---------------------------------

--------------------------------- Captured Out ---------------------------------

</system-out><system-err>--------------------------------- Captured Err ---------------------------------

</system-err></testcase><testcase classname="verifier.tests.test_e_system.TestSuperposition" name="test_superposition_hypotheses" file="verifier\tests\test_e_system.py" line="692" time="0.002"><system-out>--------------------------------- Captured Log ---------------------------------

--------------------------------- Captured Out ---------------------------------

</system-out><system-err>--------------------------------- Captured Err ---------------------------------

</system-err></testcase><testcase classname="verifier.tests.test_unified_checker.TestUnifiedResult" name="test_accepted_alias" file="verifier\tests\test_unified_checker.py" line="47" time="0.001"><system-out>--------------------------------- Captured Log ---------------------------------

--------------------------------- Captured Out ---------------------------------

</system-out><system-err>--------------------------------- Captured Err ---------------------------------

</system-err></testcase><testcase classname="verifier.tests.test_soundness.TestAnswerKeyRegression" name="test_named_proof_does_not_crash[22]" file="verifier\tests\test_soundness.py" line="1168" time="0.001"><system-out>--------------------------------- Captured Log ---------------------------------

--------------------------------- Captured Out ---------------------------------

</system-out><system-err>--------------------------------- Captured Err ---------------------------------

</system-err></testcase><testcase classname="euclid_py.tests.test_smoke.TestConstraints" name="test_circle_intersections" file="euclid_py\tests\test_smoke.py" line="45" time="0.002"><system-out>--------------------------------- Captured Log ---------------------------------

--------------------------------- Captured Out ---------------------------------

</system-out><system-err>--------------------------------- Captured Err ---------------------------------

</system-err></testcase><testcase classname="verifier.tests.test_library_i11_i15.TestEProofsNewProps" name="test_prop_i9_proof_structure" file="verifier\tests\test_library_i11_i15.py" line="142" time="0.002"><system-out>--------------------------------- Captured Log ---------------------------------

--------------------------------- Captured Out ---------------------------------

</system-out><system-err>--------------------------------- Captured Err ---------------------------------

</system-err></testcase><testcase classname="verifier.tests.test_answer_key_validation.TestAnswerKeyTxtVerification" name="test_verified_proof[I.28]" file="verifier\tests\test_answer_key_validation.py" line="180" time="0.000"><skipped type="pytest.skip" message="answer-key-book-I.txt is out of sync with the E library; regenerate with scripts/generate_answer_key.py to re-enable">C:\Users\Connor Gorman\source\repos\congman5\Euclid\verifier\tests\test_answer_key_validation.py:181: answer-key-book-I.txt is out of sync with the E library; regenerate with scripts/generate_answer_key.py to re-enable</skipped><system-out>--------------------------------- Captured Log ---------------------------------

--------------------------------- Captured Out ---------------------------------

</system-out><system-err>--------------------------------- Captured Err ---------------------------------

</system-err><system-out>--------------------------------- Captured Log ---------------------------------

--------------------------------- Captured Out ---------------------------------

</system-out><system-err>--------------------------------- Captured Err ---------------------------------

</system-err></testcase><testcase classname="verifier.tests.test_e_system.TestMetricEngine" name="test_inequality" file="verifier\tests\test_e_system.py" line="593" time="0.001"><system-out>--------------------------------- Captured Log ---------------------------------

--------------------------------- Captured Out ---------------------------------

</system-out><system-err>--------------------------------- Captured Err ---------------------------------

</system-err></testcase><testcase classname="verifier.tests.test_e_system.TestSuperposition" name="test_sas_missing_prereq" file="verifier\tests\test_e_system.py" line="664" time="0.001"><system-out>--------------------------------- Captured Log ---------------------------------

--------------------------------- Captured Out ---------------------------------

</system-out><system-err>--------------------------------- Captured Err ---------------------------------

</system-err></testcase><testcase classname="verifier.tests.test_e_system.TestConsequenceEngine" name="test_center_chain" file="verifier\tests\test_e_system.py" line="474" time="0.001"><system-out>--------------------------------- Captured Log ---------------------------------

--------------------------------- Captured Out ---------------------------------

</system-out><system-err>--------------------------------- Captured Err ---------------------------------

</system-err></testcase><testcase classname="euclid_py.tests.test_smoke.TestPropositionData" name="test_all_propositions_loaded" file="euclid_py\tests\test_smoke.py" line="84" time="0.002"><system-out>--------------------------------- Captured Log ---------------------------------

--------------------------------- Captured Out ---------------------------------

</system-out><system-err>--------------------------------- Captured Err ---------------------------------

</system-err></testcase><testcase classname="verifier.tests.test_all_48_proofs" name="test_prop[Prop.I.15]" file="verifier\tests\test_all_48_proofs.py" line="150" time="5.243"><system-out>--------------------------------- Captured Log ---------------------------------

--------------------------------- Captured Out ---------------------------------

</system-out><system-err>--------------------------------- Captured Err ---------------------------------

</system-err></testcase><testcase classname="euclid_py.tests.test_autofill.TestAutofillPropI1Scenario" name="test_prop_i1_let_circle_autofill" file="euclid_py\tests\test_autofill.py" line="398" time="0.026"><system-out>--------------------------------- Captured Log ---------------------------------

--------------------------------- Captured Out ---------------------------------

</system-out><system-err>--------------------------------- Captured Err ---------------------------------

</system-err></testcase><testcase classname="verifier.tests.test_e_system.TestAllPropositionsValid" name="test_proposition_valid[Prop.I.11]" file="verifier\tests\test_e_system.py" line="1038" time="0.002"><system-out>--------------------------------- Captured Log ---------------------------------

--------------------------------- Captured Out ---------------------------------

</system-out><system-err>--------------------------------- Captured Err ---------------------------------

</system-err></testcase><testcase classname="verifier.tests.test_library_i33_i48.TestELibraryI33I48" name="test_prop_i47_conclusion_uses_magadd" file="verifier\tests\test_library_i33_i48.py" line="185" time="0.001"><system-out>--------------------------------- Captured Log ---------------------------------

--------------------------------- Captured Out ---------------------------------

</system-out><system-err>--------------------------------- Captured Err ---------------------------------

</system-err></testcase><testcase classname="verifier.tests.test_soundness.TestAssumeStepSoundness" name="test_assume_adds_to_known" file="verifier\tests\test_soundness.py" line="876" time="0.001"><system-out>--------------------------------- Captured Log ---------------------------------

--------------------------------- Captured Out ---------------------------------

</system-out><system-err>--------------------------------- Captured Err ---------------------------------

</system-err></testcase><testcase classname="verifier.tests.test_answer_key_validation.TestAnswerKeyConsistency" name="test_e_library_match[I.11]" file="verifier\tests\test_answer_key_validation.py" line="269" time="0.000"><skipped type="pytest.skip" message="answer-key-book-I.txt is out of sync with the E library; regenerate with scripts/generate_answer_key.py to re-enable">C:\Users\Connor Gorman\source\repos\congman5\Euclid\verifier\tests\test_answer_key_validation.py:270: answer-key-book-I.txt is out of sync with the E library; regenerate with scripts/generate_answer_key.py to re-enable</skipped><system-out>--------------------------------- Captured Log ---------------------------------

--------------------------------- Captured Out ---------------------------------

</system-out><system-err>--------------------------------- Captured Err ---------------------------------

</system-err><system-out>--------------------------------- Captured Log ---------------------------------

--------------------------------- Captured Out ---------------------------------

</system-out><system-err>--------------------------------- Captured Err ---------------------------------

</system-err></testcase><testcase classname="verifier.tests.test_library_i33_i48.TestELibraryI33I48" name="test_prop_i47_i48_are_converses" file="verifier\tests\test_library_i33_i48.py" line="208" time="0.001"><system-out>--------------------------------- Captured Log ---------------------------------

--------------------------------- Captured Out ---------------------------------

</system-out><system-err>--------------------------------- Captured Err ---------------------------------

</system-err></testcase><testcase classname="verifier.tests.test_soundness.TestTryMatchLiteral" name="test_original_bindings_not_mutated" file="verifier\tests\test_soundness.py" line="687" time="0.001"><system-out>--------------------------------- Captured Log ---------------------------------

--------------------------------- Captured Out ---------------------------------

</system-out><system-err>--------------------------------- Captured Err ---------------------------------

</system-err></testcase><testcase classname="verifier.tests.test_answer_key_validation.TestAnswerKeyConsistency" name="test_e_library_match[I.22]" file="verifier\tests\test_answer_key_validation.py" line="269" time="0.001"><skipped type="pytest.skip" message="answer-key-book-I.txt is out of sync with the E library; regenerate with scripts/generate_answer_key.py to re-enable">C:\Users\Connor Gorman\source\repos\congman5\Euclid\verifier\tests\test_answer_key_validation.py:270: answer-key-book-I.txt is out of sync with the E library; regenerate with scripts/generate_answer_key.py to re-enable</skipped><system-out>--------------------------------- Captured Log ---------------------------------

--------------------------------- Captured Out ---------------------------------

</system-out><system-err>--------------------------------- Captured Err ---------------------------------

</system-err><system-out>--------------------------------- Captured Log ---------------------------------

--------------------------------- Captured Out ---------------------------------

</system-out><system-err>--------------------------------- Captured Err ---------------------------------

</system-err></testcase><testcase classname="verifier.tests.test_answer_key_validation.TestAnswerKeyJsonVerification" name="test_json_proof[I.39]" file="verifier\tests\test_answer_key_validation.py" line="222" time="0.005"><skipped type="pytest.xfail" message="Prop.I.39 proof not yet fully verified" /><system-out>--------------------------------- Captured Log ---------------------------------

--------------------------------- Captured Out ---------------------------------

</system-out><system-err>--------------------------------- Captured Err ---------------------------------

</system-err></testcase><testcase classname="verifier.tests.test_soundness.TestConstructionSoundness" name="test_let_circle_accepted_with_distinctness" file="verifier\tests\test_soundness.py" line="91" time="0.003"><system-out>--------------------------------- Captured Log ---------------------------------

--------------------------------- Captured Out ---------------------------------

</system-out><system-err>--------------------------------- Captured Err ---------------------------------

</system-err></testcase><testcase classname="verifier.tests.test_soundness.TestAnswerKeyRegression" name="test_theorem_available_in_library_before_self[21]" file="verifier\tests\test_soundness.py" line="1194" time="0.001"><system-out>--------------------------------- Captured Log ---------------------------------

--------------------------------- Captured Out ---------------------------------

</system-out><system-err>--------------------------------- Captured Err ---------------------------------

</system-err></testcase><testcase classname="verifier.tests.test_e_system.TestAllPropositionsValid" name="test_proposition_valid[Prop.I.48]" file="verifier\tests\test_e_system.py" line="1038" time="0.001"><system-out>--------------------------------- Captured Log ---------------------------------

--------------------------------- Captured Out ---------------------------------

</system-out><system-err>--------------------------------- Captured Err ---------------------------------

</system-err></testcase><testcase classname="verifier.tests.test_e_system.TestReductioStepType" name="test_reductio_without_refs_fails" file="verifier\tests\test_e_system.py" line="1293" time="0.001"><system-out>--------------------------------- Captured Log ---------------------------------

--------------------------------- Captured Out ---------------------------------

</system-out><system-err>--------------------------------- Captured Err ---------------------------------

</system-err></testcase><testcase classname="euclid_py.tests.test_system_e_integration.TestSmokeAllPropositions" name="test_all_48_open_without_verifier_error" file="euclid_py\tests\test_system_e_integration.py" line="23" time="10.864"><system-out>--------------------------------- Captured Log ---------------------------------

--------------------------------- Captured Out ---------------------------------

</system-out><system-err>--------------------------------- Captured Err ---------------------------------

</system-err></testcase><testcase classname="euclid_py.tests.test_autofill.TestConstructionPrereqEnforcement" name="test_wrong_text_as_let_line_rejected" file="euclid_py\tests\test_autofill.py" line="845" time="0.006"><system-out>--------------------------------- Captured Log ---------------------------------

--------------------------------- Captured Out ---------------------------------

</system-out><system-err>--------------------------------- Captured Err ---------------------------------

</system-err></testcase><testcase classname="verifier.tests.test_answer_key_validation.TestAnswerKeyConsistency" name="test_e_library_match[I.5]" file="verifier\tests\test_answer_key_validation.py" line="269" time="0.000"><skipped type="pytest.skip" message="answer-key-book-I.txt is out of sync with the E library; regenerate with scripts/generate_answer_key.py to re-enable">C:\Users\Connor Gorman\source\repos\congman5\Euclid\verifier\tests\test_answer_key_validation.py:270: answer-key-book-I.txt is out of sync with the E library; regenerate with scripts/generate_answer_key.py to re-enable</skipped><system-out>--------------------------------- Captured Log ---------------------------------

--------------------------------- Captured Out ---------------------------------

</system-out><system-err>--------------------------------- Captured Err ---------------------------------

</system-err><system-out>--------------------------------- Captured Log ---------------------------------

--------------------------------- Captured Out ---------------------------------

</system-out><system-err>--------------------------------- Captured Err ---------------------------------

</system-err></testcase><testcase classname="verifier.tests.test_soundness.TestAnswerKeyRegression" name="test_theorem_available_in_library_before_self[48]" file="verifier\tests\test_soundness.py" line="1194" time="0.002"><system-out>--------------------------------- Captured Log ---------------------------------

--------------------------------- Captured Out ---------------------------------

</system-out><system-err>--------------------------------- Captured Err ---------------------------------

</system-err></testcase><testcase classname="verifier.tests.test_e_system.TestSorts" name="test_diagram_sorts" file="verifier\tests\test_e_system.py" line="21" time="0.001"><system-out>--------------------------------- Captured Log ---------------------------------

--------------------------------- Captured Out ---------------------------------

</system-out><system-err>--------------------------------- Captured Err ---------------------------------

</system-err></testcase><testcase classname="verifier.tests.test_library_i11_i15.TestELibraryNewProps" name="test_prop_i11_sequent" file="verifier\tests\test_library_i11_i15.py" line="64" time="0.001"><system-out>--------------------------------- Captured Log ---------------------------------

--------------------------------- Captured Out ---------------------------------

</system-out><system-err>--------------------------------- Captured Err ---------------------------------

</system-err></testcase><testcase classname="verifier.tests.test_answer_key_validation.TestAnswerKeyTxtVerification" name="test_verified_proof[I.40]" file="verifier\tests\test_answer_key_validation.py" line="180" time="0.001"><skipped type="pytest.skip" message="answer-key-book-I.txt is out of sync with the E library; regenerate with scripts/generate_answer_key.py to re-enable">C:\Users\Connor Gorman\source\repos\congman5\Euclid\verifier\tests\test_answer_key_validation.py:181: answer-key-book-I.txt is out of sync with the E library; regenerate with scripts/generate_answer_key.py to re-enable</skipped><system-out>--------------------------------- Captured Log ---------------------------------

--------------------------------- Captured Out ---------------------------------

</system-out><system-err>--------------------------------- Captured Err ---------------------------------

</system-err><system-out>--------------------------------- Captured Log ---------------------------------

--------------------------------- Captured Out ---------------------------------

</system-out><system-err>--------------------------------- Captured Err ---------------------------------

</system-err></testcase><testcase classname="verifier.tests.test_library_i27_i32.TestELibraryI27I32" name="test_prop_i29_sequent" file="verifier\tests\test_library_i27_i32.py" line="75" time="0.001"><system-out>--------------------------------- Captured Log ---------------------------------

--------------------------------- Captured Out ---------------------------------

</system-out><system-err>--------------------------------- Captured Err ---------------------------------

</system-err></testcase><testcase classname="verifier.tests.test_e_system.TestParseLiteral" name="test_eq_variables" file="verifier\tests\test_e_system.py" line="227" time="0.001"><system-out>--------------------------------- Captured Log ---------------------------------

--------------------------------- Captured Out ---------------------------------

</system-out><system-err>--------------------------------- Captured Err ---------------------------------

</system-err></testcase><testcase classname="verifier.tests.test_answer_key_validation.TestAnswerKeyConsistency" name="test_e_library_match[I.1]" file="verifier\tests\test_answer_key_validation.py" line="269" time="0.001"><skipped type="pytest.skip" message="answer-key-book-I.txt is out of sync with the E library; regenerate with scripts/generate_answer_key.py to re-enable">C:\Users\Connor Gorman\source\repos\congman5\Euclid\verifier\tests\test_answer_key_validation.py:270: answer-key-book-I.txt is out of sync with the E library; regenerate with scripts/generate_answer_key.py to re-enable</skipped><system-out>--------------------------------- Captured Log ---------------------------------

--------------------------------- Captured Out ---------------------------------

</system-out><system-err>--------------------------------- Captured Err ---------------------------------

</system-err><system-out>--------------------------------- Captured Log ---------------------------------

--------------------------------- Captured Out ---------------------------------

</system-out><system-err>--------------------------------- Captured Err ---------------------------------

</system-err></testcase><testcase classname="euclid_py.tests.test_autofill.TestAutofillMetric" name="test_prop_i5_step5_swap" file="euclid_py\tests\test_autofill.py" line="1022" time="0.068"><failure message="AssertionError: Expected 'ac = ab', got: ''&#10;assert '' == 'ac = ab'&#10;  &#10;  - ac = ab">self = &lt;euclid_py.tests.test_autofill.TestAutofillMetric object at 0x000001FE6C4BB860&gt;

    def test_prop_i5_step5_swap(self):
        """Prop I.5 step 5: Metric ref=[1] \u2192 ac = ab (swap of ab = ac)."""
        p = self._make_panel()
        p.set_declarations([], [])
        # Premises are lines 1-4
        p.add_premise_text("ab = ac")
        p.add_premise_text("\u00ac(a = b)")
        p.add_premise_text("\u00ac(a = c)")
        p.add_premise_text("\u00ac(b = c)")
        # Metric step = line 5, ref=[1] points to premise "ab = ac"
        p.add_step("", "Metric", [1])
        p._eval_all()
        step = p._steps[0]
&gt;       assert step.text == "ac = ab", \
            f"Expected 'ac = ab', got: {step.text!r}"
E       AssertionError: Expected 'ac = ab', got: ''
E       assert '' == 'ac = ab'
E         
E         - ac = ab

euclid_py\tests\test_autofill.py:1036: AssertionError</failure><system-out>--------------------------------- Captured Log ---------------------------------

--------------------------------- Captured Out ---------------------------------

</system-out><system-err>--------------------------------- Captured Err ---------------------------------

</system-err></testcase><testcase classname="verifier.tests.test_all_48_proofs" name="test_prop[Prop.I.42]" file="verifier\tests\test_all_48_proofs.py" line="150" time="0.008"><system-out>--------------------------------- Captured Log ---------------------------------

--------------------------------- Captured Out ---------------------------------

</system-out><system-err>--------------------------------- Captured Err ---------------------------------

</system-err></testcase><testcase classname="verifier.tests.test_e_system.TestM1Forward" name="test_m7_area_nonneg" file="verifier\tests\test_e_system.py" line="1248" time="0.001"><system-out>--------------------------------- Captured Log ---------------------------------

--------------------------------- Captured Out ---------------------------------

</system-out><system-err>--------------------------------- Captured Err ---------------------------------

</system-err></testcase><testcase classname="verifier.tests.test_smt_backend.TestSmtLibEncoding" name="test_on_line_dispatches_correctly" file="verifier\tests\test_smt_backend.py" line="194" time="0.002"><system-out>--------------------------------- Captured Log ---------------------------------

--------------------------------- Captured Out ---------------------------------

</system-out><system-err>--------------------------------- Captured Err ---------------------------------

</system-err></testcase><testcase classname="verifier.tests.test_soundness.TestAnswerKeyRegression" name="test_theorem_sequent_well_formed[18]" file="verifier\tests\test_soundness.py" line="1179" time="0.001"><system-out>--------------------------------- Captured Log ---------------------------------

--------------------------------- Captured Out ---------------------------------

</system-out><system-err>--------------------------------- Captured Err ---------------------------------

</system-err></testcase><testcase classname="verifier.tests.test_soundness.TestAnswerKeyRegression" name="test_theorem_available_in_library_before_self[31]" file="verifier\tests\test_soundness.py" line="1194" time="0.001"><system-out>--------------------------------- Captured Log ---------------------------------

--------------------------------- Captured Out ---------------------------------

</system-out><system-err>--------------------------------- Captured Err ---------------------------------

</system-err></testcase><testcase classname="verifier.tests.test_soundness.TestAnswerKeyRegression" name="test_theorem_available_in_library_before_self[14]" file="verifier\tests\test_soundness.py" line="1194" time="0.001"><system-out>--------------------------------- Captured Log ---------------------------------

--------------------------------- Captured Out ---------------------------------

</system-out><system-err>--------------------------------- Captured Err ---------------------------------

</system-err></testcase><testcase classname="euclid_py.tests.test_smoke.TestUiSmoke" name="test_rule_reference_panel" file="euclid_py\tests\test_smoke.py" line="265" time="0.233"><system-out>--------------------------------- Captured Log ---------------------------------

--------------------------------- Captured Out ---------------------------------

</system-out><system-err>--------------------------------- Captured Err ---------------------------------

</system-err></testcase><testcase classname="verifier.tests.test_e_system.TestConsequenceEngine" name="test_between_symmetry" file="verifier\tests\test_e_system.py" line="413" time="0.008"><system-out>--------------------------------- Captured Log ---------------------------------

--------------------------------- Captured Out ---------------------------------

</system-out><system-err>--------------------------------- Captured Err ---------------------------------

</system-err></testcase><testcase classname="verifier.tests.test_soundness.TestAtomFields" name="test_magnitude_equals_returns_fields" file="verifier\tests\test_soundness.py" line="627" time="0.001"><system-out>--------------------------------- Captured Log ---------------------------------

--------------------------------- Captured Out ---------------------------------

</system-out><system-err>--------------------------------- Captured Err ---------------------------------

</system-err></testcase><testcase classname="euclid_py.tests.test_autofill.TestConstructionPrereqEnforcement" name="test_mismatched_text_rejected" file="euclid_py\tests\test_autofill.py" line="801" time="0.009"><system-out>--------------------------------- Captured Log ---------------------------------

--------------------------------- Captured Out ---------------------------------

</system-out><system-err>--------------------------------- Captured Err ---------------------------------

</system-err></testcase><testcase classname="verifier.tests.test_answer_key_validation.TestAnswerKeyConsistency" name="test_e_library_match[I.19]" file="verifier\tests\test_answer_key_validation.py" line="269" time="0.001"><skipped type="pytest.skip" message="answer-key-book-I.txt is out of sync with the E library; regenerate with scripts/generate_answer_key.py to re-enable">C:\Users\Connor Gorman\source\repos\congman5\Euclid\verifier\tests\test_answer_key_validation.py:270: answer-key-book-I.txt is out of sync with the E library; regenerate with scripts/generate_answer_key.py to re-enable</skipped><system-out>--------------------------------- Captured Log ---------------------------------

--------------------------------- Captured Out ---------------------------------

</system-out><system-err>--------------------------------- Captured Err ---------------------------------

</system-err><system-out>--------------------------------- Captured Log ---------------------------------

--------------------------------- Captured Out ---------------------------------

</system-out><system-err>--------------------------------- Captured Err ---------------------------------

</system-err></testcase><testcase classname="verifier.tests.test_library_i16_i26.TestELibraryI16I26" name="test_get_theorems_before_i16" file="verifier\tests\test_library_i16_i26.py" line="148" time="0.003"><system-out>--------------------------------- Captured Log ---------------------------------

--------------------------------- Captured Out ---------------------------------

</system-out><system-err>--------------------------------- Captured Err ---------------------------------

</system-err></testcase><testcase classname="verifier.tests.test_performance_benchmarks.TestForwardChainingScaling" name="test_scaling_subquadratic" file="verifier\tests\test_performance_benchmarks.py" line="93" time="0.579"><system-out>--------------------------------- Captured Log ---------------------------------

--------------------------------- Captured Out ---------------------------------

</system-out><system-err>--------------------------------- Captured Err ---------------------------------

</system-err></testcase><testcase classname="verifier.tests.test_soundness.TestAnswerKeyRegression" name="test_theorem_sequent_well_formed[17]" file="verifier\tests\test_soundness.py" line="1179" time="0.001"><system-out>--------------------------------- Captured Log ---------------------------------

--------------------------------- Captured Out ---------------------------------

</system-out><system-err>--------------------------------- Captured Err ---------------------------------

</system-err></testcase><testcase classname="verifier.tests.test_soundness.TestAnswerKeyRegression" name="test_named_proof_does_not_crash[17]" file="verifier\tests\test_soundness.py" line="1168" time="0.001"><system-out>--------------------------------- Captured Log ---------------------------------

--------------------------------- Captured Out ---------------------------------

</system-out><system-err>--------------------------------- Captured Err ---------------------------------

</system-err></testcase><testcase classname="verifier.tests.test_e_system.TestDiagrammaticAxioms" name="test_triple_incidence_axiom_count" file="verifier\tests\test_e_system.py" line="375" time="0.001"><system-out>--------------------------------- Captured Log ---------------------------------

--------------------------------- Captured Out ---------------------------------

</system-out><system-err>--------------------------------- Captured Err ---------------------------------

</system-err></testcase><testcase classname="verifier.tests.test_geocoq_compat.TestNameMappings" name="test_geocoq_to_our_name_all_48" file="verifier\tests\test_geocoq_compat.py" line="38" time="0.005"><system-out>--------------------------------- Captured Log ---------------------------------

--------------------------------- Captured Out ---------------------------------

</system-out><system-err>--------------------------------- Captured Err ---------------------------------

</system-err></testcase><testcase classname="euclid_py.tests.test_system_e_integration.TestSmokeAllPropositions" name="test_all_48_have_e_library_entry" file="euclid_py\tests\test_system_e_integration.py" line="92" time="0.002"><system-out>--------------------------------- Captured Log ---------------------------------

--------------------------------- Captured Out ---------------------------------

</system-out><system-err>--------------------------------- Captured Err ---------------------------------

</system-err></testcase><testcase classname="verifier.tests.test_geocoq_compat.TestNameMappings" name="test_our_name_to_geocoq_all_48" file="verifier\tests\test_geocoq_compat.py" line="28" time="0.002"><system-out>--------------------------------- Captured Log ---------------------------------

--------------------------------- Captured Out ---------------------------------

</system-out><system-err>--------------------------------- Captured Err ---------------------------------

</system-err></testcase><testcase classname="verifier.tests.test_answer_key_validation.TestAnswerKeyConsistency" name="test_json_match[I.21]" file="verifier\tests\test_answer_key_validation.py" line="290" time="0.000"><skipped type="pytest.skip" message="answer-key-book-I.txt is out of sync with the E library; regenerate with scripts/generate_answer_key.py to re-enable">C:\Users\Connor Gorman\source\repos\congman5\Euclid\verifier\tests\test_answer_key_validation.py:291: answer-key-book-I.txt is out of sync with the E library; regenerate with scripts/generate_answer_key.py to re-enable</skipped><system-out>--------------------------------- Captured Log ---------------------------------

--------------------------------- Captured Out ---------------------------------

</system-out><system-err>--------------------------------- Captured Err ---------------------------------

</system-err><system-out>--------------------------------- Captured Log ---------------------------------

--------------------------------- Captured Out ---------------------------------

</system-out><system-err>--------------------------------- Captured Err ---------------------------------

</system-err></testcase><testcase classname="verifier.tests.test_answer_key_validation.TestAnswerKeyConsistency" name="test_json_match[I.19]" file="verifier\tests\test_answer_key_validation.py" line="290" time="0.000"><skipped type="pytest.skip" message="answer-key-book-I.txt is out of sync with the E library; regenerate with scripts/generate_answer_key.py to re-enable">C:\Users\Connor Gorman\source\repos\congman5\Euclid\verifier\tests\test_answer_key_validation.py:291: answer-key-book-I.txt is out of sync with the E library; regenerate with scripts/generate_answer_key.py to re-enable</skipped><system-out>--------------------------------- Captured Log ---------------------------------

--------------------------------- Captured Out ---------------------------------

</system-out><system-err>--------------------------------- Captured Err ---------------------------------

</system-err><system-out>--------------------------------- Captured Log ---------------------------------

--------------------------------- Captured Out ---------------------------------

</system-out><system-err>--------------------------------- Captured Err ---------------------------------

</system-err></testcase><testcase classname="verifier.tests.test_soundness.TestAnswerKeyRegression" name="test_theorem_sequent_well_formed[31]" file="verifier\tests\test_soundness.py" line="1179" time="0.001"><system-out>--------------------------------- Captured Log ---------------------------------

--------------------------------- Captured Out ---------------------------------

</system-out><system-err>--------------------------------- Captured Err ---------------------------------

</system-err></testcase><testcase classname="verifier.tests.test_answer_key_validation.TestAnswerKeyConsistency" name="test_e_library_match[I.37]" file="verifier\tests\test_answer_key_validation.py" line="269" time="0.000"><skipped type="pytest.skip" message="answer-key-book-I.txt is out of sync with the E library; regenerate with scripts/generate_answer_key.py to re-enable">C:\Users\Connor Gorman\source\repos\congman5\Euclid\verifier\tests\test_answer_key_validation.py:270: answer-key-book-I.txt is out of sync with the E library; regenerate with scripts/generate_answer_key.py to re-enable</skipped><system-out>--------------------------------- Captured Log ---------------------------------

--------------------------------- Captured Out ---------------------------------

</system-out><system-err>--------------------------------- Captured Err ---------------------------------

</system-err><system-out>--------------------------------- Captured Log ---------------------------------

--------------------------------- Captured Out ---------------------------------

</system-out><system-err>--------------------------------- Captured Err ---------------------------------

</system-err></testcase><testcase classname="verifier.tests.test_unified_checker.TestUnifiedResult" name="test_default_invalid" file="verifier\tests\test_unified_checker.py" line="41" time="0.001"><system-out>--------------------------------- Captured Log ---------------------------------

--------------------------------- Captured Out ---------------------------------

</system-out><system-err>--------------------------------- Captured Err ---------------------------------

</system-err></testcase><testcase classname="euclid_py.tests.test_proposition_links.TestTextbookTheorems" name="test_thm_4_1_exists" file="euclid_py\tests\test_proposition_links.py" line="180" time="0.002"><system-out>--------------------------------- Captured Log ---------------------------------

--------------------------------- Captured Out ---------------------------------

</system-out><system-err>--------------------------------- Captured Err ---------------------------------

</system-err></testcase><testcase classname="verifier.tests.test_all_48_proofs" name="test_prop[Prop.I.2]" file="verifier\tests\test_all_48_proofs.py" line="150" time="0.078"><system-out>--------------------------------- Captured Log ---------------------------------

--------------------------------- Captured Out ---------------------------------

</system-out><system-err>--------------------------------- Captured Err ---------------------------------

</system-err></testcase><testcase classname="verifier.tests.test_soundness.TestAnswerKeyRegression" name="test_theorem_available_in_library_before_self[37]" file="verifier\tests\test_soundness.py" line="1194" time="0.001"><system-out>--------------------------------- Captured Log ---------------------------------

--------------------------------- Captured Out ---------------------------------

</system-out><system-err>--------------------------------- Captured Err ---------------------------------

</system-err></testcase><testcase classname="verifier.tests.test_answer_key_validation.TestAnswerKeyJsonVerification" name="test_json_proof[I.41]" file="verifier\tests\test_answer_key_validation.py" line="222" time="0.004"><skipped type="pytest.xfail" message="Prop.I.41 proof not yet fully verified" /><system-out>--------------------------------- Captured Log ---------------------------------

--------------------------------- Captured Out ---------------------------------

</system-out><system-err>--------------------------------- Captured Err ---------------------------------

</system-err></testcase><testcase classname="verifier.tests.test_e_system.TestAtoms" name="test_equals_magnitude" file="verifier\tests\test_e_system.py" line="84" time="0.001"><system-out>--------------------------------- Captured Log ---------------------------------

--------------------------------- Captured Out ---------------------------------

</system-out><system-err>--------------------------------- Captured Err ---------------------------------

</system-err></testcase><testcase classname="euclid_py.tests.test_autofill.TestAutofillPropI1Scenario" name="test_prop_i1_intersection5_with_all_refs" file="euclid_py\tests\test_autofill.py" line="565" time="0.100"><system-out>--------------------------------- Captured Log ---------------------------------

--------------------------------- Captured Out ---------------------------------

</system-out><system-err>--------------------------------- Captured Err ---------------------------------

</system-err></testcase><testcase classname="verifier.tests.test_library_i27_i32.TestELibraryI27I32" name="test_prop_i27_sequent" file="verifier\tests\test_library_i27_i32.py" line="44" time="0.002"><system-out>--------------------------------- Captured Log ---------------------------------

--------------------------------- Captured Out ---------------------------------

</system-out><system-err>--------------------------------- Captured Err ---------------------------------

</system-err></testcase><testcase classname="euclid_py.tests.test_autofill.TestAutofillCollectKnownLiterals" name="test_parse_ref_literals_returns_parsed" file="euclid_py\tests\test_autofill.py" line="713" time="0.016"><system-out>--------------------------------- Captured Log ---------------------------------

--------------------------------- Captured Out ---------------------------------

</system-out><system-err>--------------------------------- Captured Err ---------------------------------

</system-err></testcase><testcase classname="verifier.tests.test_soundness.TestSolvedProofPropositionI1" name="test_no_global_errors" file="verifier\tests\test_soundness.py" line="1595" time="0.050"><system-out>--------------------------------- Captured Log ---------------------------------

--------------------------------- Captured Out ---------------------------------

</system-out><system-err>--------------------------------- Captured Err ---------------------------------

</system-err></testcase><testcase classname="verifier.tests.test_soundness.TestAnswerKeyRegression" name="test_named_proof_does_not_crash[13]" file="verifier\tests\test_soundness.py" line="1168" time="0.001"><system-out>--------------------------------- Captured Log ---------------------------------

--------------------------------- Captured Out ---------------------------------

</system-out><system-err>--------------------------------- Captured Err ---------------------------------

</system-err></testcase><testcase classname="verifier.tests.test_soundness.TestAnswerKeyRegression" name="test_theorem_sequent_well_formed[35]" file="verifier\tests\test_soundness.py" line="1179" time="0.001"><system-out>--------------------------------- Captured Log ---------------------------------

--------------------------------- Captured Out ---------------------------------

</system-out><system-err>--------------------------------- Captured Err ---------------------------------

</system-err></testcase><testcase classname="verifier.tests.test_smt_backend.TestSmtLibEncoding" name="test_encode_obligation_structure" file="verifier\tests\test_smt_backend.py" line="139" time="0.002"><system-out>--------------------------------- Captured Log ---------------------------------

--------------------------------- Captured Out ---------------------------------

</system-out><system-err>--------------------------------- Captured Err ---------------------------------

</system-err></testcase><testcase classname="euclid_py.tests.test_proposition_links.TestModuleHelpers" name="test_get_all_formal_links_all_have_e" file="euclid_py\tests\test_proposition_links.py" line="110" time="0.003"><system-out>--------------------------------- Captured Log ---------------------------------

--------------------------------- Captured Out ---------------------------------

</system-out><system-err>--------------------------------- Captured Err ---------------------------------

</system-err></testcase><testcase classname="verifier.tests.test_unified_checker.TestVerifyStep" name="test_consequence_of_betweenness" file="verifier\tests\test_unified_checker.py" line="216" time="0.025"><system-out>--------------------------------- Captured Log ---------------------------------

--------------------------------- Captured Out ---------------------------------

</system-out><system-err>--------------------------------- Captured Err ---------------------------------

</system-err></testcase><testcase classname="euclid_py.tests.test_autofill.TestAutofillTheorem" name="test_theorem_lookup" file="euclid_py\tests\test_autofill.py" line="337" time="0.002"><system-out>--------------------------------- Captured Log ---------------------------------

--------------------------------- Captured Out ---------------------------------

</system-out><system-err>--------------------------------- Captured Err ---------------------------------

</system-err></testcase><testcase classname="verifier.tests.test_all_48_proofs" name="test_prop[Prop.I.19]" file="verifier\tests\test_all_48_proofs.py" line="150" time="0.085"><system-out>--------------------------------- Captured Log ---------------------------------

--------------------------------- Captured Out ---------------------------------

</system-out><system-err>--------------------------------- Captured Err ---------------------------------

</system-err></testcase><testcase classname="verifier.tests.test_soundness.TestAnswerKeyRegression" name="test_theorem_sequent_well_formed[13]" file="verifier\tests\test_soundness.py" line="1179" time="0.001"><system-out>--------------------------------- Captured Log ---------------------------------

--------------------------------- Captured Out ---------------------------------

</system-out><system-err>--------------------------------- Captured Err ---------------------------------

</system-err></testcase><testcase classname="verifier.tests.test_answer_key_validation.TestAnswerKeyTxtVerification" name="test_verified_proof[I.7]" file="verifier\tests\test_answer_key_validation.py" line="180" time="0.000"><skipped type="pytest.skip" message="answer-key-book-I.txt is out of sync with the E library; regenerate with scripts/generate_answer_key.py to re-enable">C:\Users\Connor Gorman\source\repos\congman5\Euclid\verifier\tests\test_answer_key_validation.py:181: answer-key-book-I.txt is out of sync with the E library; regenerate with scripts/generate_answer_key.py to re-enable</skipped><system-out>--------------------------------- Captured Log ---------------------------------

--------------------------------- Captured Out ---------------------------------

</system-out><system-err>--------------------------------- Captured Err ---------------------------------

</system-err><system-out>--------------------------------- Captured Log ---------------------------------

--------------------------------- Captured Out ---------------------------------

</system-out><system-err>--------------------------------- Captured Err ---------------------------------

</system-err></testcase><testcase classname="verifier.tests.test_soundness.TestAnswerKeyRegression" name="test_theorem_available_in_library_before_self[7]" file="verifier\tests\test_soundness.py" line="1194" time="0.001"><system-out>--------------------------------- Captured Log ---------------------------------

--------------------------------- Captured Out ---------------------------------

</system-out><system-err>--------------------------------- Captured Err ---------------------------------

</system-err></testcase><testcase classname="euclid_py.tests.test_autofill.TestAutofillMetric" name="test_prop_i1_step11_transitivity" file="euclid_py\tests\test_autofill.py" line="957" time="0.304"><failure message="AssertionError: Expected 'ab = bc', got: ''&#10;assert '' == 'ab = bc'&#10;  &#10;  - ab = bc">self = &lt;euclid_py.tests.test_autofill.TestAutofillMetric object at 0x000001FE6C4EB140&gt;

    def test_prop_i1_step11_transitivity(self):
        """Prop I.1 step 11: Metric refs=[9,8] \u2192 ab = bc (transitivity)."""
        p = self._setup_prop_i1_context()
        p.add_step("ab = ac", "Metric", [8])  # step 10
        p.add_step("", "Metric", [9, 8])      # step 11
        p._eval_all()
        step = p._steps[9]
&gt;       assert step.text == "ab = bc", \
            f"Expected 'ab = bc', got: {step.text!r}"
E       AssertionError: Expected 'ab = bc', got: ''
E       assert '' == 'ab = bc'
E         
E         - ab = bc

euclid_py\tests\test_autofill.py:965: AssertionError</failure><system-out>--------------------------------- Captured Log ---------------------------------

--------------------------------- Captured Out ---------------------------------

</system-out><system-err>--------------------------------- Captured Err ---------------------------------

</system-err></testcase><testcase classname="euclid_py.tests.test_proposition_links.TestELibraryName" name="test_all_euclid_have_e_library_name" file="euclid_py\tests\test_proposition_links.py" line="22" time="0.001"><system-out>--------------------------------- Captured Log ---------------------------------

--------------------------------- Captured Out ---------------------------------

</system-out><system-err>--------------------------------- Captured Err ---------------------------------

</system-err></testcase><testcase classname="verifier.tests.test_answer_key_validation.TestAnswerKeyConsistency" name="test_json_match[I.28]" file="verifier\tests\test_answer_key_validation.py" line="290" time="0.000"><skipped type="pytest.skip" message="answer-key-book-I.txt is out of sync with the E library; regenerate with scripts/generate_answer_key.py to re-enable">C:\Users\Connor Gorman\source\repos\congman5\Euclid\verifier\tests\test_answer_key_validation.py:291: answer-key-book-I.txt is out of sync with the E library; regenerate with scripts/generate_answer_key.py to re-enable</skipped><system-out>--------------------------------- Captured Log ---------------------------------

--------------------------------- Captured Out ---------------------------------

</system-out><system-err>--------------------------------- Captured Err ---------------------------------

</system-err><system-out>--------------------------------- Captured Log ---------------------------------

--------------------------------- Captured Out ---------------------------------

</system-out><system-err>--------------------------------- Captured Err ---------------------------------

</system-err></testcase><testcase classname="euclid_py.tests.test_autofill.TestAutofillConstructionHeadless" name="test_match_hypotheses_binding_conflict" file="euclid_py\tests\test_autofill.py" line="140" time="0.002"><system-out>--------------------------------- Captured Log ---------------------------------

--------------------------------- Captured Out ---------------------------------

</system-out><system-err>--------------------------------- Captured Err ---------------------------------

</system-err></testcase><testcase classname="verifier.tests.test_answer_key_validation.TestAnswerKeyTxtVerification" name="test_verified_proof[I.26]" file="verifier\tests\test_answer_key_validation.py" line="180" time="0.000"><skipped type="pytest.skip" message="answer-key-book-I.txt is out of sync with the E library; regenerate with scripts/generate_answer_key.py to re-enable">C:\Users\Connor Gorman\source\repos\congman5\Euclid\verifier\tests\test_answer_key_validation.py:181: answer-key-book-I.txt is out of sync with the E library; regenerate with scripts/generate_answer_key.py to re-enable</skipped><system-out>--------------------------------- Captured Log ---------------------------------

--------------------------------- Captured Out ---------------------------------

</system-out><system-err>--------------------------------- Captured Err ---------------------------------

</system-err><system-out>--------------------------------- Captured Log ---------------------------------

--------------------------------- Captured Out ---------------------------------

</system-out><system-err>--------------------------------- Captured Err ---------------------------------

</system-err></testcase><testcase classname="verifier.tests.test_soundness.TestConstructionSoundness" name="test_let_line_accepted_with_distinctness" file="verifier\tests\test_soundness.py" line="126" time="0.004"><system-out>--------------------------------- Captured Log ---------------------------------

--------------------------------- Captured Out ---------------------------------

</system-out><system-err>--------------------------------- Captured Err ---------------------------------

</system-err></testcase><testcase classname="verifier.tests.test_answer_key_validation.TestAnswerKeyTxtVerification" name="test_verified_proof[I.18]" file="verifier\tests\test_answer_key_validation.py" line="180" time="0.000"><skipped type="pytest.skip" message="answer-key-book-I.txt is out of sync with the E library; regenerate with scripts/generate_answer_key.py to re-enable">C:\Users\Connor Gorman\source\repos\congman5\Euclid\verifier\tests\test_answer_key_validation.py:181: answer-key-book-I.txt is out of sync with the E library; regenerate with scripts/generate_answer_key.py to re-enable</skipped><system-out>--------------------------------- Captured Log ---------------------------------

--------------------------------- Captured Out ---------------------------------

</system-out><system-err>--------------------------------- Captured Err ---------------------------------

</system-err><system-out>--------------------------------- Captured Log ---------------------------------

--------------------------------- Captured Out ---------------------------------

</system-out><system-err>--------------------------------- Captured Err ---------------------------------

</system-err></testcase><testcase classname="verifier.tests.test_answer_key_validation.TestAnswerKeyConsistency" name="test_e_library_match[I.26]" file="verifier\tests\test_answer_key_validation.py" line="269" time="0.000"><skipped type="pytest.skip" message="answer-key-book-I.txt is out of sync with the E library; regenerate with scripts/generate_answer_key.py to re-enable">C:\Users\Connor Gorman\source\repos\congman5\Euclid\verifier\tests\test_answer_key_validation.py:270: answer-key-book-I.txt is out of sync with the E library; regenerate with scripts/generate_answer_key.py to re-enable</skipped><system-out>--------------------------------- Captured Log ---------------------------------

--------------------------------- Captured Out ---------------------------------

</system-out><system-err>--------------------------------- Captured Err ---------------------------------

</system-err><system-out>--------------------------------- Captured Log ---------------------------------

--------------------------------- Captured Out ---------------------------------

</system-out><system-err>--------------------------------- Captured Err ---------------------------------

</system-err></testcase><testcase classname="verifier.tests.test_answer_key_validation.TestAnswerKeyConsistency" name="test_e_library_match[I.44]" file="verifier\tests\test_answer_key_validation.py" line="269" time="0.000"><skipped type="pytest.skip" message="answer-key-book-I.txt is out of sync with the E library; regenerate with scripts/generate_answer_key.py to re-enable">C:\Users\Connor Gorman\source\repos\congman5\Euclid\verifier\tests\test_answer_key_validation.py:270: answer-key-book-I.txt is out of sync with the E library; regenerate with scripts/generate_answer_key.py to re-enable</skipped><system-out>--------------------------------- Captured Log ---------------------------------

--------------------------------- Captured Out ---------------------------------

</system-out><system-err>--------------------------------- Captured Err ---------------------------------

</system-err><system-out>--------------------------------- Captured Log ---------------------------------

--------------------------------- Captured Out ---------------------------------

</system-out><system-err>--------------------------------- Captured Err ---------------------------------

</system-err></testcase><testcase classname="verifier.tests.test_library_i16_i26.TestELibraryI16I26" name="test_prop_i18_i19_are_converses" file="verifier\tests\test_library_i16_i26.py" line="66" time="0.001"><system-out>--------------------------------- Captured Log ---------------------------------

--------------------------------- Captured Out ---------------------------------

</system-out><system-err>--------------------------------- Captured Err ---------------------------------

</system-err></testcase><testcase classname="euclid_py.tests.test_autofill.TestAutofillConstructionHeadless" name="test_pick_fresh_name_circle_avoids_used" file="euclid_py\tests\test_autofill.py" line="172" time="0.002"><system-out>--------------------------------- Captured Log ---------------------------------

--------------------------------- Captured Out ---------------------------------

</system-out><system-err>--------------------------------- Captured Err ---------------------------------

</system-err></testcase><testcase classname="verifier.tests.test_unified_checker.TestVerifyProof" name="test_accepts_empty_goal" file="verifier\tests\test_unified_checker.py" line="133" time="0.002"><system-out>--------------------------------- Captured Log ---------------------------------

--------------------------------- Captured Out ---------------------------------

</system-out><system-err>--------------------------------- Captured Err ---------------------------------

</system-err></testcase><testcase classname="verifier.tests.test_library_i16_i26.TestELibraryI16I26" name="test_prop_i21_sequent" file="verifier\tests\test_library_i16_i26.py" line="86" time="0.001"><system-out>--------------------------------- Captured Log ---------------------------------

--------------------------------- Captured Out ---------------------------------

</system-out><system-err>--------------------------------- Captured Err ---------------------------------

</system-err></testcase><testcase classname="euclid_py.tests.test_smoke.TestUiSmoke" name="test_summary_panel" file="euclid_py\tests\test_smoke.py" line="245" time="0.012"><system-out>--------------------------------- Captured Log ---------------------------------

--------------------------------- Captured Out ---------------------------------

</system-out><system-err>--------------------------------- Captured Err ---------------------------------

</system-err></testcase><testcase classname="verifier.tests.test_answer_key_validation.TestAnswerKeyConsistency" name="test_e_library_match[I.7]" file="verifier\tests\test_answer_key_validation.py" line="269" time="0.000"><skipped type="pytest.skip" message="answer-key-book-I.txt is out of sync with the E library; regenerate with scripts/generate_answer_key.py to re-enable">C:\Users\Connor Gorman\source\repos\congman5\Euclid\verifier\tests\test_answer_key_validation.py:270: answer-key-book-I.txt is out of sync with the E library; regenerate with scripts/generate_answer_key.py to re-enable</skipped><system-out>--------------------------------- Captured Log ---------------------------------

--------------------------------- Captured Out ---------------------------------

</system-out><system-err>--------------------------------- Captured Err ---------------------------------

</system-err><system-out>--------------------------------- Captured Log ---------------------------------

--------------------------------- Captured Out ---------------------------------

</system-out><system-err>--------------------------------- Captured Err ---------------------------------

</system-err></testcase><testcase classname="verifier.tests.test_answer_key_validation.TestAnswerKeyTxtVerification" name="test_verified_proof[I.8]" file="verifier\tests\test_answer_key_validation.py" line="180" time="0.000"><skipped type="pytest.skip" message="answer-key-book-I.txt is out of sync with the E library; regenerate with scripts/generate_answer_key.py to re-enable">C:\Users\Connor Gorman\source\repos\congman5\Euclid\verifier\tests\test_answer_key_validation.py:181: answer-key-book-I.txt is out of sync with the E library; regenerate with scripts/generate_answer_key.py to re-enable</skipped><system-out>--------------------------------- Captured Log ---------------------------------

--------------------------------- Captured Out ---------------------------------

</system-out><system-err>--------------------------------- Captured Err ---------------------------------

</system-err><system-out>--------------------------------- Captured Log ---------------------------------

--------------------------------- Captured Out ---------------------------------

</system-out><system-err>--------------------------------- Captured Err ---------------------------------

</system-err></testcase><testcase classname="verifier.tests.test_answer_key_validation.TestAnswerKeyConsistency" name="test_json_match[I.37]" file="verifier\tests\test_answer_key_validation.py" line="290" time="0.000"><skipped type="pytest.skip" message="answer-key-book-I.txt is out of sync with the E library; regenerate with scripts/generate_answer_key.py to re-enable">C:\Users\Connor Gorman\source\repos\congman5\Euclid\verifier\tests\test_answer_key_validation.py:291: answer-key-book-I.txt is out of sync with the E library; regenerate with scripts/generate_answer_key.py to re-enable</skipped><system-out>--------------------------------- Captured Log ---------------------------------

--------------------------------- Captured Out ---------------------------------

</system-out><system-err>--------------------------------- Captured Err ---------------------------------

</system-err><system-out>--------------------------------- Captured Log ---------------------------------

--------------------------------- Captured Out ---------------------------------

</system-out><system-err>--------------------------------- Captured Err ---------------------------------

</system-err></testcase><testcase classname="verifier.tests.test_soundness.TestAnswerKeyRegression" name="test_theorem_available_in_library_before_self[8]" file="verifier\tests\test_soundness.py" line="1194" time="0.002"><system-out>--------------------------------- Captured Log ---------------------------------

--------------------------------- Captured Out ---------------------------------

</system-out><system-err>--------------------------------- Captured Err ---------------------------------

</system-err></testcase><testcase classname="euclid_py.tests.test_proposition_links.TestELibraryName" name="test_textbook_returns_none" file="euclid_py\tests\test_proposition_links.py" line="33" time="0.002"><system-out>--------------------------------- Captured Log ---------------------------------

--------------------------------- Captured Out ---------------------------------

</system-out><system-err>--------------------------------- Captured Err ---------------------------------

</system-err></testcase><testcase classname="verifier.tests.test_soundness.TestConstructionSoundness" name="test_let_intersection_rejected_without_intersects" file="verifier\tests\test_soundness.py" line="142" time="0.004"><system-out>--------------------------------- Captured Log ---------------------------------

--------------------------------- Captured Out ---------------------------------

</system-out><system-err>--------------------------------- Captured Err ---------------------------------

</system-err></testcase><testcase classname="verifier.tests.test_soundness.TestAnswerKeyRegression" name="test_theorem_available_in_library_before_self[44]" file="verifier\tests\test_soundness.py" line="1194" time="0.001"><system-out>--------------------------------- Captured Log ---------------------------------

--------------------------------- Captured Out ---------------------------------

</system-out><system-err>--------------------------------- Captured Err ---------------------------------

</system-err></testcase><testcase classname="verifier.tests.test_answer_key_validation.TestAnswerKeyConsistency" name="test_json_match[I.6]" file="verifier\tests\test_answer_key_validation.py" line="290" time="0.000"><skipped type="pytest.skip" message="answer-key-book-I.txt is out of sync with the E library; regenerate with scripts/generate_answer_key.py to re-enable">C:\Users\Connor Gorman\source\repos\congman5\Euclid\verifier\tests\test_answer_key_validation.py:291: answer-key-book-I.txt is out of sync with the E library; regenerate with scripts/generate_answer_key.py to re-enable</skipped><system-out>--------------------------------- Captured Log ---------------------------------

--------------------------------- Captured Out ---------------------------------

</system-out><system-err>--------------------------------- Captured Err ---------------------------------

</system-err><system-out>--------------------------------- Captured Log ---------------------------------

--------------------------------- Captured Out ---------------------------------

[...]

--------------------------------- Captured Out ---------------------------------

</system-out><system-err>--------------------------------- Captured Err ---------------------------------

</system-err></testcase><testcase classname="euclid_py.tests.test_smoke.TestUiSmoke" name="test_fitch_proof_view_creates" file="euclid_py\tests\test_smoke.py" line="216" time="0.001"><system-out>--------------------------------- Captured Log ---------------------------------

--------------------------------- Captured Out ---------------------------------

</system-out><system-err>--------------------------------- Captured Err ---------------------------------

</system-err></testcase><testcase classname="verifier.tests.test_unified_checker.TestTheoremAccess" name="test_get_all_theorems" file="verifier\tests\test_unified_checker.py" line="303" time="0.002"><system-out>--------------------------------- Captured Log ---------------------------------

--------------------------------- Captured Out ---------------------------------

</system-out><system-err>--------------------------------- Captured Err ---------------------------------

</system-err></testcase><testcase classname="verifier.tests.test_soundness.TestAnswerKeyRegression" name="test_named_proof_does_not_crash[28]" file="verifier\tests\test_soundness.py" line="1168" time="0.001"><system-out>--------------------------------- Captured Log ---------------------------------

--------------------------------- Captured Out ---------------------------------

</system-out><system-err>--------------------------------- Captured Err ---------------------------------

</system-err></testcase><testcase classname="verifier.tests.test_soundness.TestMetricSoundnessExpanded" name="test_metric_symmetry" file="verifier\tests\test_soundness.py" line="1013" time="0.001"><system-out>--------------------------------- Captured Log ---------------------------------

--------------------------------- Captured Out ---------------------------------

</system-out><system-err>--------------------------------- Captured Err ---------------------------------

</system-err></testcase><testcase classname="verifier.tests.test_soundness.TestReiterationSoundness" name="test_reit_of_unknown_fact_rejected" file="verifier\tests\test_soundness.py" line="923" time="0.001"><system-out>--------------------------------- Captured Log ---------------------------------

--------------------------------- Captured Out ---------------------------------

</system-out><system-err>--------------------------------- Captured Err ---------------------------------

</system-err></testcase><testcase classname="euclid_py.tests.test_autofill.TestAutofillConstructionHeadless" name="test_extract_symbols_negation" file="euclid_py\tests\test_autofill.py" line="195" time="0.002"><system-out>--------------------------------- Captured Log ---------------------------------

--------------------------------- Captured Out ---------------------------------

</system-out><system-err>--------------------------------- Captured Err ---------------------------------

</system-err></testcase><testcase classname="verifier.tests.test_soundness.TestAnswerKeyRegression" name="test_named_proof_does_not_crash[45]" file="verifier\tests\test_soundness.py" line="1168" time="0.002"><system-out>--------------------------------- Captured Log ---------------------------------

--------------------------------- Captured Out ---------------------------------

</system-out><system-err>--------------------------------- Captured Err ---------------------------------

</system-err></testcase><testcase classname="verifier.tests.test_e_system.TestParseMagnitude" name="test_right_angle" file="verifier\tests\test_e_system.py" line="249" time="0.001"><system-out>--------------------------------- Captured Log ---------------------------------

--------------------------------- Captured Out ---------------------------------

</system-out><system-err>--------------------------------- Captured Err ---------------------------------

</system-err></testcase><testcase classname="euclid_py.tests.test_autofill.TestAutofillNamedAxiom" name="test_generality_3_accepted_by_verifier" file="euclid_py\tests\test_autofill.py" line="238" time="0.060"><system-out>--------------------------------- Captured Log ---------------------------------

--------------------------------- Captured Out ---------------------------------

</system-out><system-err>--------------------------------- Captured Err ---------------------------------

</system-err></testcase><testcase classname="euclid_py.tests.test_smoke.TestFileFormat" name="test_round_trip" file="euclid_py\tests\test_smoke.py" line="101" time="0.016"><system-out>--------------------------------- Captured Log ---------------------------------

--------------------------------- Captured Out ---------------------------------

</system-out><system-err>--------------------------------- Captured Err ---------------------------------

</system-err></testcase><testcase classname="euclid_py.tests.test_smoke.TestUiSmoke" name="test_rule_reference_uses_system_e" file="euclid_py\tests\test_smoke.py" line="270" time="0.001"><system-out>--------------------------------- Captured Log ---------------------------------

--------------------------------- Captured Out ---------------------------------

</system-out><system-err>--------------------------------- Captured Err ---------------------------------

</system-err></testcase><testcase classname="verifier.tests.test_soundness.TestAnswerKeyRegression" name="test_theorem_sequent_well_formed[22]" file="verifier\tests\test_soundness.py" line="1179" time="0.002"><system-out>--------------------------------- Captured Log ---------------------------------

--------------------------------- Captured Out ---------------------------------

</system-out><system-err>--------------------------------- Captured Err ---------------------------------

</system-err></testcase><testcase classname="euclid_py.tests.test_proposition_links.TestModuleHelpers" name="test_get_e_sequent" file="euclid_py\tests\test_proposition_links.py" line="98" time="0.002"><system-out>--------------------------------- Captured Log ---------------------------------

--------------------------------- Captured Out ---------------------------------

</system-out><system-err>--------------------------------- Captured Err ---------------------------------

</system-err></testcase><testcase classname="verifier.tests.test_soundness.TestDiagrammaticSoundness" name="test_fabricated_relation_rejected" file="verifier\tests\test_soundness.py" line="315" time="0.002"><system-out>--------------------------------- Captured Log ---------------------------------

--------------------------------- Captured Out ---------------------------------

</system-out><system-err>--------------------------------- Captured Err ---------------------------------

</system-err></testcase><testcase classname="verifier.tests.test_soundness.TestAdversarialGoalInjection" name="test_parse_error_line_does_not_inject" file="verifier\tests\test_soundness.py" line="1364" time="0.001"><system-out>--------------------------------- Captured Log ---------------------------------

--------------------------------- Captured Out ---------------------------------

</system-out><system-err>--------------------------------- Captured Err ---------------------------------

</system-err></testcase><testcase classname="verifier.tests.test_soundness.TestAnswerKeyRegression" name="test_theorem_available_in_library_before_self[27]" file="verifier\tests\test_soundness.py" line="1194" time="0.001"><system-out>--------------------------------- Captured Log ---------------------------------

--------------------------------- Captured Out ---------------------------------

</system-out><system-err>--------------------------------- Captured Err ---------------------------------

</system-err></testcase><testcase classname="verifier.tests.test_geocoq_compat.TestPropositionComparisons" name="test_kind_is_valid" file="verifier\tests\test_geocoq_compat.py" line="125" time="0.001"><system-out>--------------------------------- Captured Log ---------------------------------

--------------------------------- Captured Out ---------------------------------

</system-out><system-err>--------------------------------- Captured Err ---------------------------------

</system-err></testcase><testcase classname="verifier.tests.test_library_i16_i26.TestELibraryI16I26" name="test_get_theorems_before_i20" file="verifier\tests\test_library_i16_i26.py" line="155" time="0.001"><system-out>--------------------------------- Captured Log ---------------------------------

--------------------------------- Captured Out ---------------------------------

</system-out><system-err>--------------------------------- Captured Err ---------------------------------

</system-err></testcase><testcase classname="verifier.tests.test_soundness.TestAdversarialDuplicateAndEdgeCases" name="test_zero_id_handled" file="verifier\tests\test_soundness.py" line="1397" time="0.001"><system-out>--------------------------------- Captured Log ---------------------------------

--------------------------------- Captured Out ---------------------------------

</system-out><system-err>--------------------------------- Captured Err ---------------------------------

</system-err></testcase><testcase classname="verifier.tests.test_soundness.TestAnswerKeyRegression" name="test_named_proof_does_not_crash[36]" file="verifier\tests\test_soundness.py" line="1168" time="0.001"><system-out>--------------------------------- Captured Log ---------------------------------

--------------------------------- Captured Out ---------------------------------

</system-out><system-err>--------------------------------- Captured Err ---------------------------------

</system-err></testcase><testcase classname="verifier.tests.test_soundness.TestAnswerKeyRegression" name="test_theorem_sequent_well_formed[27]" file="verifier\tests\test_soundness.py" line="1179" time="0.001"><system-out>--------------------------------- Captured Log ---------------------------------

--------------------------------- Captured Out ---------------------------------

</system-out><system-err>--------------------------------- Captured Err ---------------------------------

</system-err></testcase><testcase classname="verifier.tests.test_soundness.TestAnswerKeyRegression" name="test_theorem_available_in_library_before_self[39]" file="verifier\tests\test_soundness.py" line="1194" time="0.001"><system-out>--------------------------------- Captured Log ---------------------------------

--------------------------------- Captured Out ---------------------------------

</system-out><system-err>--------------------------------- Captured Err ---------------------------------

</system-err></testcase><testcase classname="verifier.tests.test_soundness.TestMetricSoundnessExpanded" name="test_metric_non_consequence_rejected" file="verifier\tests\test_soundness.py" line="983" time="0.001"><system-out>--------------------------------- Captured Log ---------------------------------

--------------------------------- Captured Out ---------------------------------

</system-out><system-err>--------------------------------- Captured Err ---------------------------------

</system-err></testcase><testcase classname="verifier.tests.test_soundness.TestAnswerKeyRegression" name="test_theorem_sequent_well_formed[23]" file="verifier\tests\test_soundness.py" line="1179" time="0.001"><system-out>--------------------------------- Captured Log ---------------------------------

--------------------------------- Captured Out ---------------------------------

</system-out><system-err>--------------------------------- Captured Err ---------------------------------

</system-err></testcase><testcase classname="euclid_py.tests.test_system_e_integration.TestUiInteraction" name="test_add_step" file="euclid_py\tests\test_system_e_integration.py" line="111" time="0.016"><system-out>--------------------------------- Captured Log ---------------------------------

--------------------------------- Captured Out ---------------------------------

</system-out><system-err>--------------------------------- Captured Err ---------------------------------

</system-err></testcase><testcase classname="verifier.tests.test_e_system.TestConsequenceEngine" name="test_between_collinearity" file="verifier\tests\test_e_system.py" line="443" time="0.022"><system-out>--------------------------------- Captured Log ---------------------------------

--------------------------------- Captured Out ---------------------------------

</system-out><system-err>--------------------------------- Captured Err ---------------------------------

</system-err></testcase><testcase classname="verifier.tests.test_library_i16_i26.TestELibraryI16I26" name="test_library_has_at_least_26_theorems" file="verifier\tests\test_library_i16_i26.py" line="22" time="0.001"><system-out>--------------------------------- Captured Log ---------------------------------

--------------------------------- Captured Out ---------------------------------

</system-out><system-err>--------------------------------- Captured Err ---------------------------------

</system-err></testcase><testcase classname="verifier.tests.test_all_48_proofs" name="test_prop[Prop.I.16]" file="verifier\tests\test_all_48_proofs.py" line="150" time="0.339"><system-out>--------------------------------- Captured Log ---------------------------------

--------------------------------- Captured Out ---------------------------------

</system-out><system-err>--------------------------------- Captured Err ---------------------------------

</system-err></testcase><testcase classname="verifier.tests.test_unified_checker.TestVerifyEProofJson" name="test_simple_given_accepted" file="verifier\tests\test_unified_checker.py" line="153" time="0.006"><system-out>--------------------------------- Captured Log ---------------------------------

--------------------------------- Captured Out ---------------------------------

</system-out><system-err>--------------------------------- Captured Err ---------------------------------

</system-err></testcase><testcase classname="verifier.tests.test_answer_key_validation.TestAnswerKeyTxtVerification" name="test_verified_proof[I.27]" file="verifier\tests\test_answer_key_validation.py" line="180" time="0.000"><skipped type="pytest.skip" message="answer-key-book-I.txt is out of sync with the E library; regenerate with scripts/generate_answer_key.py to re-enable">C:\Users\Connor Gorman\source\repos\congman5\Euclid\verifier\tests\test_answer_key_validation.py:181: answer-key-book-I.txt is out of sync with the E library; regenerate with scripts/generate_answer_key.py to re-enable</skipped><system-out>--------------------------------- Captured Log ---------------------------------

--------------------------------- Captured Out ---------------------------------

</system-out><system-err>--------------------------------- Captured Err ---------------------------------

</system-err><system-out>--------------------------------- Captured Log ---------------------------------

--------------------------------- Captured Out ---------------------------------

</system-out><system-err>--------------------------------- Captured Err ---------------------------------

</system-err></testcase><testcase classname="euclid_py.tests.test_autofill.TestAutofillNamedAxiom" name="test_named_axiom_uses_known_facts_from_prior_steps" file="euclid_py\tests\test_autofill.py" line="292" time="0.039"><system-out>--------------------------------- Captured Log ---------------------------------

--------------------------------- Captured Out ---------------------------------

</system-out><system-err>--------------------------------- Captured Err ---------------------------------

</system-err></testcase><testcase classname="verifier.tests.test_answer_key_validation.TestAnswerKeyConsistency" name="test_json_match[I.8]" file="verifier\tests\test_answer_key_validation.py" line="290" time="0.000"><skipped type="pytest.skip" message="answer-key-book-I.txt is out of sync with the E library; regenerate with scripts/generate_answer_key.py to re-enable">C:\Users\Connor Gorman\source\repos\congman5\Euclid\verifier\tests\test_answer_key_validation.py:291: answer-key-book-I.txt is out of sync with the E library; regenerate with scripts/generate_answer_key.py to re-enable</skipped><system-out>--------------------------------- Captured Log ---------------------------------

--------------------------------- Captured Out ---------------------------------

</system-out><system-err>--------------------------------- Captured Err ---------------------------------

</system-err><system-out>--------------------------------- Captured Log ---------------------------------

--------------------------------- Captured Out ---------------------------------

</system-out><system-err>--------------------------------- Captured Err ---------------------------------

</system-err></testcase><testcase classname="verifier.tests.test_answer_key_validation.TestAnswerKeyConsistency" name="test_json_match[I.1]" file="verifier\tests\test_answer_key_validation.py" line="290" time="0.000"><skipped type="pytest.skip" message="answer-key-book-I.txt is out of sync with the E library; regenerate with scripts/generate_answer_key.py to re-enable">C:\Users\Connor Gorman\source\repos\congman5\Euclid\verifier\tests\test_answer_key_validation.py:291: answer-key-book-I.txt is out of sync with the E library; regenerate with scripts/generate_answer_key.py to re-enable</skipped><system-out>--------------------------------- Captured Log ---------------------------------

--------------------------------- Captured Out ---------------------------------

</system-out><system-err>--------------------------------- Captured Err ---------------------------------

</system-err><system-out>--------------------------------- Captured Log ---------------------------------

--------------------------------- Captured Out ---------------------------------

</system-out><system-err>--------------------------------- Captured Err ---------------------------------

</system-err></testcase><testcase classname="verifier.tests.test_answer_key_validation.TestAnswerKeyJsonVerification" name="test_json_proof[I.1]" file="verifier\tests\test_answer_key_validation.py" line="222" time="0.005"><skipped type="pytest.xfail" message="Prop.I.1 proof not yet fully verified" /><system-out>--------------------------------- Captured Log ---------------------------------

--------------------------------- Captured Out ---------------------------------

</system-out><system-err>--------------------------------- Captured Err ---------------------------------

</system-err></testcase><testcase classname="verifier.tests.test_unified_checker.TestTheoremAccess" name="test_get_theorem_by_name" file="verifier\tests\test_unified_checker.py" line="294" time="0.001"><system-out>--------------------------------- Captured Log ---------------------------------

--------------------------------- Captured Out ---------------------------------

</system-out><system-err>--------------------------------- Captured Err ---------------------------------

</system-err></testcase><testcase classname="verifier.tests.test_soundness.TestMetricSoundnessExpanded" name="test_metric_reflexivity" file="verifier\tests\test_soundness.py" line="997" time="0.001"><system-out>--------------------------------- Captured Log ---------------------------------

--------------------------------- Captured Out ---------------------------------

</system-out><system-err>--------------------------------- Captured Err ---------------------------------

</system-err></testcase></testsuite></testsuites>